0 info it worked if it ends with ok
1 verbose cli [ '/usr/local/Cellar/node/6.6.0/bin/node',
1 verbose cli   '/usr/local/bin/npm',
1 verbose cli   'run',
1 verbose cli   'lint' ]
2 info using npm@3.10.7
3 info using node@v6.6.0
4 verbose run-script [ 'prelint', 'lint', 'postlint' ]
5 info lifecycle pomerol@~prelint: pomerol@
6 silly lifecycle pomerol@~prelint: no script for prelint, continuing
7 info lifecycle pomerol@~lint: pomerol@
8 verbose lifecycle pomerol@~lint: unsafe-perm in lifecycle true
9 verbose lifecycle pomerol@~lint: PATH: /usr/local/lib/node_modules/npm/bin/node-gyp-bin:/Users/arthur/dev/pomerol/node_modules/.bin:/usr/local/Cellar/node/6.6.0/bin:/Users/arthur/dev/pomerol/node_modules/.bin:/usr/local/Cellar/git/2.10.0/libexec/git-core:/Users/arthur/.rbenv/shims:/usr/local/bin:/usr/bin:/bin:/usr/sbin:/sbin:/usr/local/go/bin:/Users/arthur/bin:/usr/local/mysql/bin:/Users/arthur/dev/go/bin:/Users/arthur/.rvm/bin
10 verbose lifecycle pomerol@~lint: CWD: /Users/arthur/dev/pomerol
11 silly lifecycle pomerol@~lint: Args: [ '-c', 'standard --verbose | snazzy' ]
12 silly lifecycle pomerol@~lint: Returned: code: 255  signal: null
13 info lifecycle pomerol@~lint: Failed to exec lint script
14 verbose stack Error: pomerol@ lint: `standard --verbose | snazzy`
14 verbose stack Exit status 255
14 verbose stack     at EventEmitter.<anonymous> (/usr/local/lib/node_modules/npm/lib/utils/lifecycle.js:255:16)
14 verbose stack     at emitTwo (events.js:106:13)
14 verbose stack     at EventEmitter.emit (events.js:191:7)
14 verbose stack     at ChildProcess.<anonymous> (/usr/local/lib/node_modules/npm/lib/utils/spawn.js:40:14)
14 verbose stack     at emitTwo (events.js:106:13)
14 verbose stack     at ChildProcess.emit (events.js:191:7)
14 verbose stack     at maybeClose (internal/child_process.js:877:16)
14 verbose stack     at Process.ChildProcess._handle.onexit (internal/child_process.js:226:5)
15 verbose pkgid pomerol@
16 verbose cwd /Users/arthur/dev/pomerol
17 error Darwin 16.0.0
18 error argv "/usr/local/Cellar/node/6.6.0/bin/node" "/usr/local/bin/npm" "run" "lint"
19 error node v6.6.0
20 error npm  v3.10.7
21 error code ELIFECYCLE
22 error pomerol@ lint: `standard --verbose | snazzy`
22 error Exit status 255
23 error Failed at the pomerol@ lint script 'standard --verbose | snazzy'.
23 error Make sure you have the latest version of node.js and npm installed.
23 error If you do, this is most likely a problem with the pomerol package,
23 error not with npm itself.
23 error Tell the author that this fails on your system:
23 error     standard --verbose | snazzy
23 error You can get information on how to open an issue for this project with:
23 error     npm bugs pomerol
23 error Or if that isn't available, you can get their info via:
23 error     npm owner ls pomerol
23 error There is likely additional logging output above.
24 verbose exit [ 1, true ]
